{"/Users/tony/Documents/MyApp/umi-dva/src/pages/Admin/store/actions.js": {"path":"/Users/tony/Documents/MyApp/umi-dva/src/pages/Admin/store/actions.js","statementMap":{"0":{"start":{"line":12,"column":37},"end":{"line":14,"column":2}},"1":{"start":{"line":12,"column":44},"end":{"line":14,"column":1}},"2":{"start":{"line":16,"column":35},"end":{"line":19,"column":2}},"3":{"start":{"line":16,"column":44},"end":{"line":19,"column":1}},"4":{"start":{"line":21,"column":36},"end":{"line":24,"column":2}},"5":{"start":{"line":21,"column":51},"end":{"line":24,"column":1}},"6":{"start":{"line":26,"column":32},"end":{"line":29,"column":2}},"7":{"start":{"line":26,"column":47},"end":{"line":29,"column":1}},"8":{"start":{"line":31,"column":33},"end":{"line":34,"column":2}},"9":{"start":{"line":31,"column":48},"end":{"line":34,"column":1}},"10":{"start":{"line":36,"column":38},"end":{"line":40,"column":2}},"11":{"start":{"line":36,"column":56},"end":{"line":40,"column":1}},"12":{"start":{"line":42,"column":32},"end":{"line":45,"column":2}},"13":{"start":{"line":42,"column":41},"end":{"line":45,"column":1}}},"fnMap":{"0":{"name":"(anonymous_0)","decl":{"start":{"line":12,"column":37},"end":{"line":12,"column":38}},"loc":{"start":{"line":12,"column":44},"end":{"line":14,"column":1}},"line":12},"1":{"name":"(anonymous_1)","decl":{"start":{"line":16,"column":35},"end":{"line":16,"column":36}},"loc":{"start":{"line":16,"column":44},"end":{"line":19,"column":1}},"line":16},"2":{"name":"(anonymous_2)","decl":{"start":{"line":21,"column":36},"end":{"line":21,"column":37}},"loc":{"start":{"line":21,"column":51},"end":{"line":24,"column":1}},"line":21},"3":{"name":"(anonymous_3)","decl":{"start":{"line":26,"column":32},"end":{"line":26,"column":33}},"loc":{"start":{"line":26,"column":47},"end":{"line":29,"column":1}},"line":26},"4":{"name":"(anonymous_4)","decl":{"start":{"line":31,"column":33},"end":{"line":31,"column":34}},"loc":{"start":{"line":31,"column":48},"end":{"line":34,"column":1}},"line":31},"5":{"name":"(anonymous_5)","decl":{"start":{"line":36,"column":38},"end":{"line":36,"column":39}},"loc":{"start":{"line":36,"column":56},"end":{"line":40,"column":1}},"line":36},"6":{"name":"(anonymous_6)","decl":{"start":{"line":42,"column":32},"end":{"line":42,"column":33}},"loc":{"start":{"line":42,"column":41},"end":{"line":45,"column":1}},"line":42}},"branchMap":{},"s":{"0":1,"1":1,"2":1,"3":1,"4":1,"5":1,"6":1,"7":1,"8":1,"9":1,"10":1,"11":1,"12":1,"13":1},"f":{"0":1,"1":1,"2":1,"3":1,"4":1,"5":1,"6":1},"b":{},"_coverageSchema":"1a1c01bbd47fc00a2c39e90264f33305004495a9","hash":"128df8e31b84153b017c32bca464c194439a4c21"}
,"/Users/tony/Documents/MyApp/umi-dva/src/pages/Admin/store/constants.js": {"path":"/Users/tony/Documents/MyApp/umi-dva/src/pages/Admin/store/constants.js","statementMap":{"0":{"start":{"line":1,"column":26},"end":{"line":1,"column":32}},"1":{"start":{"line":3,"column":39},"end":{"line":3,"column":56}},"2":{"start":{"line":5,"column":37},"end":{"line":5,"column":52}},"3":{"start":{"line":7,"column":38},"end":{"line":7,"column":54}},"4":{"start":{"line":9,"column":34},"end":{"line":9,"column":46}},"5":{"start":{"line":11,"column":35},"end":{"line":11,"column":48}},"6":{"start":{"line":13,"column":40},"end":{"line":13,"column":58}},"7":{"start":{"line":15,"column":34},"end":{"line":15,"column":46}}},"fnMap":{},"branchMap":{},"s":{"0":1,"1":1,"2":1,"3":1,"4":1,"5":1,"6":1,"7":1},"f":{},"b":{},"_coverageSchema":"1a1c01bbd47fc00a2c39e90264f33305004495a9","hash":"d01c29baa4c22c1ee2cd09e32dcfede27451c117"}
,"/Users/tony/Documents/MyApp/umi-dva/src/pages/Clone/index.tsx": {"path":"/Users/tony/Documents/MyApp/umi-dva/src/pages/Clone/index.tsx","statementMap":{"0":{"start":{"line":23,"column":32},"end":{"line":52,"column":1}},"1":{"start":{"line":24,"column":20},"end":{"line":24,"column":30}},"2":{"start":{"line":25,"column":17},"end":{"line":25,"column":31}},"3":{"start":{"line":27,"column":19},"end":{"line":29,"column":3}},"4":{"start":{"line":28,"column":4},"end":{"line":28,"column":29}},"5":{"start":{"line":31,"column":2},"end":{"line":51,"column":4}},"6":{"start":{"line":54,"column":24},"end":{"line":60,"column":2}},"7":{"start":{"line":62,"column":34},"end":{"line":74,"column":1}},"8":{"start":{"line":63,"column":2},"end":{"line":73,"column":4}},"9":{"start":{"line":64,"column":35},"end":{"line":64,"column":68}},"10":{"start":{"line":65,"column":27},"end":{"line":65,"column":60}},"11":{"start":{"line":67,"column":6},"end":{"line":67,"column":46}},"12":{"start":{"line":68,"column":38},"end":{"line":68,"column":74}},"13":{"start":{"line":69,"column":39},"end":{"line":69,"column":76}},"14":{"start":{"line":71,"column":6},"end":{"line":71,"column":51}},"15":{"start":{"line":72,"column":33},"end":{"line":72,"column":67}}},"fnMap":{"0":{"name":"(anonymous_0)","decl":{"start":{"line":23,"column":32},"end":{"line":23,"column":33}},"loc":{"start":{"line":23,"column":48},"end":{"line":52,"column":1}},"line":23},"1":{"name":"(anonymous_1)","decl":{"start":{"line":27,"column":19},"end":{"line":27,"column":20}},"loc":{"start":{"line":27,"column":36},"end":{"line":29,"column":3}},"line":27},"2":{"name":"(anonymous_2)","decl":{"start":{"line":62,"column":34},"end":{"line":62,"column":35}},"loc":{"start":{"line":62,"column":53},"end":{"line":74,"column":1}},"line":62},"3":{"name":"(anonymous_3)","decl":{"start":{"line":64,"column":19},"end":{"line":64,"column":20}},"loc":{"start":{"line":64,"column":35},"end":{"line":64,"column":68}},"line":64},"4":{"name":"(anonymous_4)","decl":{"start":{"line":65,"column":21},"end":{"line":65,"column":22}},"loc":{"start":{"line":65,"column":27},"end":{"line":65,"column":60}},"line":65},"5":{"name":"(anonymous_5)","decl":{"start":{"line":66,"column":20},"end":{"line":66,"column":21}},"loc":{"start":{"line":67,"column":6},"end":{"line":67,"column":46}},"line":67},"6":{"name":"(anonymous_6)","decl":{"start":{"line":68,"column":16},"end":{"line":68,"column":17}},"loc":{"start":{"line":68,"column":38},"end":{"line":68,"column":74}},"line":68},"7":{"name":"(anonymous_7)","decl":{"start":{"line":69,"column":17},"end":{"line":69,"column":18}},"loc":{"start":{"line":69,"column":39},"end":{"line":69,"column":76}},"line":69},"8":{"name":"(anonymous_8)","decl":{"start":{"line":70,"column":22},"end":{"line":70,"column":23}},"loc":{"start":{"line":71,"column":6},"end":{"line":71,"column":51}},"line":71},"9":{"name":"(anonymous_9)","decl":{"start":{"line":72,"column":16},"end":{"line":72,"column":17}},"loc":{"start":{"line":72,"column":33},"end":{"line":72,"column":67}},"line":72}},"branchMap":{},"s":{"0":1,"1":2,"2":2,"3":2,"4":0,"5":2,"6":1,"7":1,"8":7,"9":1,"10":1,"11":1,"12":1,"13":1,"14":1,"15":1},"f":{"0":2,"1":0,"2":7,"3":1,"4":1,"5":1,"6":1,"7":1,"8":1,"9":1},"b":{},"_coverageSchema":"1a1c01bbd47fc00a2c39e90264f33305004495a9","hash":"dc7fb80dce866d5c74e2f56f1ffb532efeb6d0d9"}
}
